c:\users\alext\desktop\university\semester 3\oop\hw\homework(1.2)\homework(1.2)\debug\vc142.pdb
c:\users\alext\desktop\university\semester 3\oop\hw\homework(1.2)\homework(1.2)\debug\vc142.idb
c:\users\alext\desktop\university\semester 3\oop\hw\homework(1.2)\homework(1.2)\debug\main.obj
c:\users\alext\desktop\university\semester 3\oop\hw\homework(1.2)\homework(1.2)\debug\firm.obj
c:\users\alext\desktop\university\semester 3\oop\hw\homework(1.2)\homework(1.2)\debug\application.obj
c:\users\alext\desktop\university\semester 3\oop\hw\homework(1.2)\homework(1.2)\debug\firm.obj.enc
c:\users\alext\desktop\university\semester 3\oop\hw\homework(1.2)\homework(1.2)\debug\main.new.obj.enc
c:\users\alext\desktop\university\semester 3\oop\hw\homework(1.2)\debug\homework(1.2).pdb
c:\users\alext\desktop\university\semester 3\oop\hw\homework(1.2)\homework(1.2)\debug\homework(1.2).tlog\cl.command.1.tlog
c:\users\alext\desktop\university\semester 3\oop\hw\homework(1.2)\homework(1.2)\debug\homework(1.2).tlog\cl.read.1.tlog
c:\users\alext\desktop\university\semester 3\oop\hw\homework(1.2)\homework(1.2)\debug\homework(1.2).tlog\cl.write.1.tlog
c:\users\alext\desktop\university\semester 3\oop\hw\homework(1.2)\homework(1.2)\debug\homework(1.2).tlog\link-cvtres.read.1.tlog
c:\users\alext\desktop\university\semester 3\oop\hw\homework(1.2)\homework(1.2)\debug\homework(1.2).tlog\link-cvtres.write.1.tlog
c:\users\alext\desktop\university\semester 3\oop\hw\homework(1.2)\homework(1.2)\debug\homework(1.2).tlog\link-rc.read.1.tlog
c:\users\alext\desktop\university\semester 3\oop\hw\homework(1.2)\homework(1.2)\debug\homework(1.2).tlog\link-rc.write.1.tlog
c:\users\alext\desktop\university\semester 3\oop\hw\homework(1.2)\homework(1.2)\debug\homework(1.2).tlog\link.12508-cvtres.read.1.tlog
c:\users\alext\desktop\university\semester 3\oop\hw\homework(1.2)\homework(1.2)\debug\homework(1.2).tlog\link.12508-cvtres.write.1.tlog
c:\users\alext\desktop\university\semester 3\oop\hw\homework(1.2)\homework(1.2)\debug\homework(1.2).tlog\link.12508-rc.read.1.tlog
c:\users\alext\desktop\university\semester 3\oop\hw\homework(1.2)\homework(1.2)\debug\homework(1.2).tlog\link.12508-rc.write.1.tlog
c:\users\alext\desktop\university\semester 3\oop\hw\homework(1.2)\homework(1.2)\debug\homework(1.2).tlog\link.12508.read.1.tlog
c:\users\alext\desktop\university\semester 3\oop\hw\homework(1.2)\homework(1.2)\debug\homework(1.2).tlog\link.12508.write.1.tlog
c:\users\alext\desktop\university\semester 3\oop\hw\homework(1.2)\homework(1.2)\debug\homework(1.2).tlog\link.command.1.tlog
c:\users\alext\desktop\university\semester 3\oop\hw\homework(1.2)\homework(1.2)\debug\homework(1.2).tlog\link.read.1.tlog
c:\users\alext\desktop\university\semester 3\oop\hw\homework(1.2)\homework(1.2)\debug\homework(1.2).tlog\link.write.1.tlog
